/Users/samsundar/Library/Python/3.9/lib/python/site-packages/urllib3/__init__.py:35: NotOpenSSLWarning: urllib3 v2 only supports OpenSSL 1.1.1+, currently the 'ssl' module is compiled with 'LibreSSL 2.8.3'. See: https://github.com/urllib3/urllib3/issues/3020
  warnings.warn(
2025-09-25 21:29:58,681 - kafka.conn - INFO - <BrokerConnection client_id=kafka-python-2.2.15, node_id=bootstrap-0 host=localhost:9092 <connecting> [IPv6 ('::1', 9092, 0, 0)]>: connecting to localhost:9092 [('::1', 9092, 0, 0) IPv6]
2025-09-25 21:29:58,683 - kafka.conn - INFO - <BrokerConnection client_id=kafka-python-2.2.15, node_id=bootstrap-0 host=localhost:9092 <checking_api_versions_recv> [IPv6 ('::1', 9092, 0, 0)]>: Broker version identified as 2.6
2025-09-25 21:29:58,683 - kafka.conn - INFO - <BrokerConnection client_id=kafka-python-2.2.15, node_id=bootstrap-0 host=localhost:9092 <connected> [IPv6 ('::1', 9092, 0, 0)]>: Connection complete.
2025-09-25 21:29:58,684 - kafka.consumer.subscription_state - INFO - Updating subscribed topics to: ('urls_priority_4',)
2025-09-25 21:29:58,698 - src.crawler.storage.content_storage - INFO - MongoDB database initialized: web_crawler
2025-09-25 21:29:58,700 - kafka.conn - INFO - <BrokerConnection client_id=kafka-python-2.2.15, node_id=1 host=localhost:9092 <connecting> [IPv6 ('::1', 9092, 0, 0)]>: connecting to localhost:9092 [('::1', 9092, 0, 0) IPv6]
2025-09-25 21:29:58,805 - kafka.conn - INFO - <BrokerConnection client_id=kafka-python-2.2.15, node_id=1 host=localhost:9092 <connected> [IPv6 ('::1', 9092, 0, 0)]>: Connection complete.
2025-09-25 21:29:58,805 - kafka.conn - INFO - <BrokerConnection client_id=kafka-python-2.2.15, node_id=bootstrap-0 host=localhost:9092 <connected> [IPv6 ('::1', 9092, 0, 0)]>: Closing connection. 
2025-09-25 21:29:58,912 - kafka.cluster - INFO - Coordinator for group/crawler_workers is BrokerMetadata(nodeId='coordinator-1', host='localhost', port=9092, rack=None)
2025-09-25 21:29:58,912 - kafka.coordinator - INFO - Discovered coordinator coordinator-1 for group crawler_workers
2025-09-25 21:29:58,912 - kafka.coordinator.heartbeat - INFO - Starting new heartbeat thread
2025-09-25 21:29:58,912 - kafka.coordinator.consumer - INFO - Revoking previously assigned partitions set() for group crawler_workers
2025-09-25 21:29:58,912 - kafka.coordinator - INFO - Failed to join group crawler_workers: NodeNotReadyError: coordinator-1
2025-09-25 21:29:58,913 - kafka.conn - INFO - <BrokerConnection client_id=kafka-python-2.2.15, node_id=coordinator-1 host=localhost:9092 <connecting> [IPv6 ('::1', 9092, 0, 0)]>: connecting to localhost:9092 [('::1', 9092, 0, 0) IPv6]
2025-09-25 21:29:59,018 - kafka.coordinator - INFO - Failed to join group crawler_workers: NodeNotReadyError: coordinator-1
2025-09-25 21:29:59,018 - kafka.conn - INFO - <BrokerConnection client_id=kafka-python-2.2.15, node_id=coordinator-1 host=localhost:9092 <connected> [IPv6 ('::1', 9092, 0, 0)]>: Connection complete.
2025-09-25 21:29:59,123 - kafka.coordinator - INFO - (Re-)joining group crawler_workers
2025-09-25 21:29:59,125 - kafka.coordinator - INFO - Received member id kafka-python-2.2.15-a8ad4651-af17-49e1-868a-3fa003ad5758 for group crawler_workers; will retry join-group
2025-09-25 21:29:59,125 - kafka.coordinator - INFO - Failed to join group crawler_workers: [Error 79] MemberIdRequiredError
2025-09-25 21:29:59,125 - kafka.coordinator - INFO - (Re-)joining group crawler_workers
2025-09-25 21:30:04,653 - kafka.coordinator - INFO - Successfully joined group crawler_workers <Generation 3 (member_id: kafka-python-2.2.15-a8ad4651-af17-49e1-868a-3fa003ad5758, protocol: range)>
2025-09-25 21:30:04,661 - kafka.consumer.subscription_state - INFO - Updated partition assignment: []
2025-09-25 21:30:04,661 - kafka.coordinator.consumer - INFO - Setting newly assigned partitions set() for group crawler_workers
2025-09-25 21:30:07,667 - kafka.coordinator.heartbeat - WARNING - Heartbeat failed for group crawler_workers because it is rebalancing
2025-09-25 21:30:07,669 - kafka.coordinator.consumer - INFO - Revoking previously assigned partitions set() for group crawler_workers
2025-09-25 21:30:07,669 - kafka.coordinator - INFO - (Re-)joining group crawler_workers
2025-09-25 21:30:07,674 - kafka.coordinator - INFO - Successfully joined group crawler_workers <Generation 4 (member_id: kafka-python-2.2.15-a8ad4651-af17-49e1-868a-3fa003ad5758, protocol: range)>
2025-09-25 21:30:07,700 - kafka.consumer.subscription_state - INFO - Updated partition assignment: [TopicPartition(topic='urls_priority_4', partition=0), TopicPartition(topic='urls_priority_4', partition=1), TopicPartition(topic='urls_priority_4', partition=2)]
2025-09-25 21:30:07,700 - kafka.coordinator.consumer - INFO - Setting newly assigned partitions {TopicPartition(topic='urls_priority_4', partition=2), TopicPartition(topic='urls_priority_4', partition=0), TopicPartition(topic='urls_priority_4', partition=1)} for group crawler_workers
2025-09-25 21:30:07,705 - kafka.consumer.fetcher - INFO - Resetting offset for partition TopicPartition(topic='urls_priority_4', partition=1) to offset 0.
2025-09-25 21:30:07,706 - kafka.consumer.fetcher - INFO - Resetting offset for partition TopicPartition(topic='urls_priority_4', partition=0) to offset 0.
2025-09-25 21:30:07,706 - kafka.consumer.fetcher - INFO - Resetting offset for partition TopicPartition(topic='urls_priority_4', partition=2) to offset 0.
2025-09-25 21:30:07,711 - web_crawler - INFO - [https://www.amazon.jobs/content/en/locations/india/hyderabad] Processing URL from topic: https://www.amazon.jobs/content/en/locations/india/hyderabad
2025-09-25 21:30:07,712 - src.crawler.core.html_downloader - INFO - [https://www.amazon.jobs/content/en/locations/india/hyderabad] Downloading https://www.amazon.jobs/content/en/locations/india/hyderabad (attempt 1)
2025-09-25 21:30:08,684 - web_crawler - INFO - ============================================================
2025-09-25 21:30:08,686 - web_crawler - INFO - CRAWLER STATISTICS
2025-09-25 21:30:08,686 - web_crawler - INFO - ============================================================
2025-09-25 21:30:08,686 - web_crawler - INFO - Runtime: 10.0 seconds
2025-09-25 21:30:08,686 - web_crawler - INFO - Pages crawled: 0
2025-09-25 21:30:08,686 - web_crawler - INFO - Successful: 0
2025-09-25 21:30:08,686 - web_crawler - INFO - Failed: 0
2025-09-25 21:30:08,686 - web_crawler - INFO - Links found: 0
2025-09-25 21:30:08,687 - web_crawler - INFO - Queue size: 0
2025-09-25 21:30:08,687 - web_crawler - INFO - Errors: 0
2025-09-25 21:30:08,687 - web_crawler - INFO - Robots blocked: 0
2025-09-25 21:30:08,687 - web_crawler - INFO - Overall rate: 0.00 pages/sec
2025-09-25 21:30:08,687 - web_crawler - INFO - Recent rate: 0.00 pages/sec
2025-09-25 21:30:08,687 - web_crawler - INFO - ============================================================
2025-09-25 21:30:09,673 - src.crawler.core.html_downloader - ERROR - [https://www.amazon.jobs/content/en/locations/india/hyderabad] Request failed for https://www.amazon.jobs/content/en/locations/india/hyderabad: ('Received response with content-encoding: zstd, but failed to decode it.', ZstdError('cannot use a decompressobj multiple times'))
2025-09-25 21:30:10,679 - src.crawler.core.html_downloader - INFO - [https://www.amazon.jobs/content/en/locations/india/hyderabad] Downloading https://www.amazon.jobs/content/en/locations/india/hyderabad (attempt 2)
2025-09-25 21:30:11,891 - src.crawler.core.html_downloader - ERROR - [https://www.amazon.jobs/content/en/locations/india/hyderabad] Request failed for https://www.amazon.jobs/content/en/locations/india/hyderabad: ('Received response with content-encoding: zstd, but failed to decode it.', ZstdError('cannot use a decompressobj multiple times'))
2025-09-25 21:30:13,895 - src.crawler.core.html_downloader - INFO - [https://www.amazon.jobs/content/en/locations/india/hyderabad] Downloading https://www.amazon.jobs/content/en/locations/india/hyderabad (attempt 3)
2025-09-25 21:30:15,097 - src.crawler.core.html_downloader - ERROR - [https://www.amazon.jobs/content/en/locations/india/hyderabad] Request failed for https://www.amazon.jobs/content/en/locations/india/hyderabad: ('Received response with content-encoding: zstd, but failed to decode it.', ZstdError('cannot use a decompressobj multiple times'))
2025-09-25 21:30:18,693 - web_crawler - INFO - ============================================================
2025-09-25 21:30:18,694 - web_crawler - INFO - CRAWLER STATISTICS
2025-09-25 21:30:18,694 - web_crawler - INFO - ============================================================
2025-09-25 21:30:18,694 - web_crawler - INFO - Runtime: 20.0 seconds
2025-09-25 21:30:18,694 - web_crawler - INFO - Pages crawled: 0
2025-09-25 21:30:18,694 - web_crawler - INFO - Successful: 0
2025-09-25 21:30:18,694 - web_crawler - INFO - Failed: 0
2025-09-25 21:30:18,694 - web_crawler - INFO - Links found: 0
2025-09-25 21:30:18,694 - web_crawler - INFO - Queue size: 0
2025-09-25 21:30:18,694 - web_crawler - INFO - Errors: 0
2025-09-25 21:30:18,694 - web_crawler - INFO - Robots blocked: 0
2025-09-25 21:30:18,694 - web_crawler - INFO - Overall rate: 0.00 pages/sec
2025-09-25 21:30:18,695 - web_crawler - INFO - Recent rate: 0.00 pages/sec
2025-09-25 21:30:18,695 - web_crawler - INFO - ============================================================
2025-09-25 21:30:19,099 - src.crawler.core.html_downloader - INFO - [https://www.amazon.jobs/content/en/locations/india/hyderabad] Downloading https://www.amazon.jobs/content/en/locations/india/hyderabad (attempt 4)
2025-09-25 21:30:20,290 - src.crawler.core.html_downloader - ERROR - [https://www.amazon.jobs/content/en/locations/india/hyderabad] Request failed for https://www.amazon.jobs/content/en/locations/india/hyderabad: ('Received response with content-encoding: zstd, but failed to decode it.', ZstdError('cannot use a decompressobj multiple times'))
2025-09-25 21:30:20,291 - web_crawler - ERROR - [https://www.amazon.jobs/content/en/locations/india/hyderabad] Download failed
