/Users/samsundar/Library/Python/3.9/lib/python/site-packages/urllib3/__init__.py:35: NotOpenSSLWarning: urllib3 v2 only supports OpenSSL 1.1.1+, currently the 'ssl' module is compiled with 'LibreSSL 2.8.3'. See: https://github.com/urllib3/urllib3/issues/3020
  warnings.warn(
2025-09-25 21:29:58,117 - kafka.conn - INFO - <BrokerConnection client_id=kafka-python-2.2.15, node_id=bootstrap-0 host=localhost:9092 <connecting> [IPv6 ('::1', 9092, 0, 0)]>: connecting to localhost:9092 [('::1', 9092, 0, 0) IPv6]
2025-09-25 21:29:58,119 - kafka.conn - INFO - <BrokerConnection client_id=kafka-python-2.2.15, node_id=bootstrap-0 host=localhost:9092 <checking_api_versions_recv> [IPv6 ('::1', 9092, 0, 0)]>: Broker version identified as 2.6
2025-09-25 21:29:58,119 - kafka.conn - INFO - <BrokerConnection client_id=kafka-python-2.2.15, node_id=bootstrap-0 host=localhost:9092 <connected> [IPv6 ('::1', 9092, 0, 0)]>: Connection complete.
2025-09-25 21:29:58,119 - kafka.consumer.subscription_state - INFO - Updating subscribed topics to: ('urls_priority_1',)
2025-09-25 21:29:58,133 - src.crawler.storage.content_storage - INFO - MongoDB database initialized: web_crawler
2025-09-25 21:29:58,134 - kafka.conn - INFO - <BrokerConnection client_id=kafka-python-2.2.15, node_id=1 host=localhost:9092 <connecting> [IPv6 ('::1', 9092, 0, 0)]>: connecting to localhost:9092 [('::1', 9092, 0, 0) IPv6]
2025-09-25 21:29:58,239 - kafka.conn - INFO - <BrokerConnection client_id=kafka-python-2.2.15, node_id=1 host=localhost:9092 <connected> [IPv6 ('::1', 9092, 0, 0)]>: Connection complete.
2025-09-25 21:29:58,239 - kafka.conn - INFO - <BrokerConnection client_id=kafka-python-2.2.15, node_id=bootstrap-0 host=localhost:9092 <connected> [IPv6 ('::1', 9092, 0, 0)]>: Closing connection. 
2025-09-25 21:29:58,347 - kafka.cluster - INFO - Coordinator for group/crawler_workers is BrokerMetadata(nodeId='coordinator-1', host='localhost', port=9092, rack=None)
2025-09-25 21:29:58,348 - kafka.coordinator - INFO - Discovered coordinator coordinator-1 for group crawler_workers
2025-09-25 21:29:58,348 - kafka.coordinator.heartbeat - INFO - Starting new heartbeat thread
2025-09-25 21:29:58,348 - kafka.coordinator.consumer - INFO - Revoking previously assigned partitions set() for group crawler_workers
2025-09-25 21:29:58,348 - kafka.coordinator - INFO - Failed to join group crawler_workers: NodeNotReadyError: coordinator-1
2025-09-25 21:29:58,348 - kafka.conn - INFO - <BrokerConnection client_id=kafka-python-2.2.15, node_id=coordinator-1 host=localhost:9092 <connecting> [IPv6 ('::1', 9092, 0, 0)]>: connecting to localhost:9092 [('::1', 9092, 0, 0) IPv6]
2025-09-25 21:29:58,453 - kafka.coordinator - INFO - Failed to join group crawler_workers: NodeNotReadyError: coordinator-1
2025-09-25 21:29:58,454 - kafka.conn - INFO - <BrokerConnection client_id=kafka-python-2.2.15, node_id=coordinator-1 host=localhost:9092 <connected> [IPv6 ('::1', 9092, 0, 0)]>: Connection complete.
2025-09-25 21:29:58,559 - kafka.coordinator - INFO - (Re-)joining group crawler_workers
2025-09-25 21:29:58,561 - kafka.coordinator - INFO - Received member id kafka-python-2.2.15-3487c88c-de4b-4b6f-be11-779cc1c1d995 for group crawler_workers; will retry join-group
2025-09-25 21:29:58,561 - kafka.coordinator - INFO - Failed to join group crawler_workers: [Error 79] MemberIdRequiredError
2025-09-25 21:29:58,561 - kafka.coordinator - INFO - (Re-)joining group crawler_workers
2025-09-25 21:30:04,652 - kafka.coordinator - INFO - Successfully joined group crawler_workers <Generation 3 (member_id: kafka-python-2.2.15-3487c88c-de4b-4b6f-be11-779cc1c1d995, protocol: range)>
2025-09-25 21:30:04,652 - kafka.coordinator - INFO - Elected group leader -- performing partition assignments using range
2025-09-25 21:30:04,653 - kafka.coordinator.assignors.range - WARNING - No partition metadata for topic urls_priority_2
2025-09-25 21:30:04,653 - kafka.coordinator.assignors.range - WARNING - No partition metadata for topic urls_priority_3
2025-09-25 21:30:04,653 - kafka.coordinator.assignors.range - WARNING - No partition metadata for topic urls_priority_4
2025-09-25 21:30:04,653 - kafka.coordinator.assignors.range - WARNING - No partition metadata for topic urls_priority_5
2025-09-25 21:30:04,661 - kafka.consumer.subscription_state - INFO - Updated partition assignment: [TopicPartition(topic='urls_priority_1', partition=0), TopicPartition(topic='urls_priority_1', partition=1), TopicPartition(topic='urls_priority_1', partition=2)]
2025-09-25 21:30:04,661 - kafka.coordinator.consumer - INFO - Setting newly assigned partitions {TopicPartition(topic='urls_priority_1', partition=0), TopicPartition(topic='urls_priority_1', partition=1), TopicPartition(topic='urls_priority_1', partition=2)} for group crawler_workers
2025-09-25 21:30:05,240 - kafka.coordinator.consumer - INFO - Revoking previously assigned partitions {TopicPartition(topic='urls_priority_1', partition=0), TopicPartition(topic='urls_priority_1', partition=1), TopicPartition(topic='urls_priority_1', partition=2)} for group crawler_workers
2025-09-25 21:30:05,240 - kafka.coordinator - INFO - (Re-)joining group crawler_workers
2025-09-25 21:30:07,675 - kafka.coordinator - INFO - Successfully joined group crawler_workers <Generation 4 (member_id: kafka-python-2.2.15-3487c88c-de4b-4b6f-be11-779cc1c1d995, protocol: range)>
2025-09-25 21:30:07,675 - kafka.coordinator - INFO - Elected group leader -- performing partition assignments using range
2025-09-25 21:30:07,699 - kafka.consumer.subscription_state - INFO - Updated partition assignment: [TopicPartition(topic='urls_priority_1', partition=0), TopicPartition(topic='urls_priority_1', partition=1), TopicPartition(topic='urls_priority_1', partition=2)]
2025-09-25 21:30:07,700 - kafka.coordinator.consumer - INFO - Setting newly assigned partitions {TopicPartition(topic='urls_priority_1', partition=0), TopicPartition(topic='urls_priority_1', partition=1), TopicPartition(topic='urls_priority_1', partition=2)} for group crawler_workers
2025-09-25 21:30:08,120 - web_crawler - INFO - ============================================================
2025-09-25 21:30:08,121 - web_crawler - INFO - CRAWLER STATISTICS
2025-09-25 21:30:08,122 - web_crawler - INFO - ============================================================
2025-09-25 21:30:08,122 - web_crawler - INFO - Runtime: 10.0 seconds
2025-09-25 21:30:08,122 - web_crawler - INFO - Pages crawled: 0
2025-09-25 21:30:08,122 - web_crawler - INFO - Successful: 0
2025-09-25 21:30:08,122 - web_crawler - INFO - Failed: 0
2025-09-25 21:30:08,122 - web_crawler - INFO - Links found: 0
2025-09-25 21:30:08,123 - web_crawler - INFO - Queue size: 0
2025-09-25 21:30:08,123 - web_crawler - INFO - Errors: 0
2025-09-25 21:30:08,123 - web_crawler - INFO - Robots blocked: 0
2025-09-25 21:30:08,123 - web_crawler - INFO - Overall rate: 0.00 pages/sec
2025-09-25 21:30:08,123 - web_crawler - INFO - Recent rate: 0.00 pages/sec
2025-09-25 21:30:08,123 - web_crawler - INFO - ============================================================
2025-09-25 21:30:18,127 - web_crawler - INFO - ============================================================
2025-09-25 21:30:18,128 - web_crawler - INFO - CRAWLER STATISTICS
2025-09-25 21:30:18,128 - web_crawler - INFO - ============================================================
2025-09-25 21:30:18,128 - web_crawler - INFO - Runtime: 20.0 seconds
2025-09-25 21:30:18,129 - web_crawler - INFO - Pages crawled: 0
2025-09-25 21:30:18,129 - web_crawler - INFO - Successful: 0
2025-09-25 21:30:18,129 - web_crawler - INFO - Failed: 0
2025-09-25 21:30:18,129 - web_crawler - INFO - Links found: 0
2025-09-25 21:30:18,129 - web_crawler - INFO - Queue size: 0
2025-09-25 21:30:18,129 - web_crawler - INFO - Errors: 0
2025-09-25 21:30:18,129 - web_crawler - INFO - Robots blocked: 0
2025-09-25 21:30:18,130 - web_crawler - INFO - Overall rate: 0.00 pages/sec
2025-09-25 21:30:18,130 - web_crawler - INFO - Recent rate: 0.00 pages/sec
2025-09-25 21:30:18,130 - web_crawler - INFO - ============================================================
